Loading required package: Biobase
Loading required package: BiocGenerics
Loading required package: parallel

Attaching package: ‘BiocGenerics’

The following objects are masked from ‘package:parallel’:

    clusterApply, clusterApplyLB, clusterCall, clusterEvalQ,
    clusterExport, clusterMap, parApply, parCapply, parLapply,
    parLapplyLB, parRapply, parSapply, parSapplyLB

The following objects are masked from ‘package:stats’:

    IQR, mad, sd, var, xtabs

The following objects are masked from ‘package:base’:

    anyDuplicated, append, as.data.frame, basename, cbind, colMeans,
    colnames, colSums, dirname, do.call, duplicated, eval, evalq,
    Filter, Find, get, grep, grepl, intersect, is.unsorted, lapply,
    lengths, Map, mapply, match, mget, order, paste, pmax, pmax.int,
    pmin, pmin.int, Position, rank, rbind, Reduce, rowMeans, rownames,
    rowSums, sapply, setdiff, sort, table, tapply, union, unique,
    unsplit, which, which.max, which.min

Welcome to Bioconductor

    Vignettes contain introductory material; view with
    'browseVignettes()'. To cite Bioconductor, see
    'citation("Biobase")', and for packages 'citation("pkgname")'.

Loading required package: BiocParallel
Loading required package: MSnbase
Loading required package: mzR
Loading required package: Rcpp
Loading required package: S4Vectors
Loading required package: stats4

Attaching package: ‘S4Vectors’

The following object is masked from ‘package:base’:

    expand.grid

Loading required package: ProtGenerics

This is MSnbase version 2.8.3 
  Visit https://lgatto.github.io/MSnbase/ to get started.


Attaching package: ‘MSnbase’

The following object is masked from ‘package:stats’:

    smooth

The following object is masked from ‘package:base’:

    trimws


This is xcms version 3.4.4 


Attaching package: ‘xcms’

The following object is masked from ‘package:stats’:

    sigma

Polarity can not be extracted from netCDF files, please set manually the polarity with the 'polarity' method.
Detecting mass traces at 25 ppm ... OK
Detecting chromatographic peaks in 4072 regions of interest ... OK: 222 found.
Detecting mass traces at 25 ppm ... OK
Detecting chromatographic peaks in 3946 regions of interest ... OK: 255 found.
Detecting mass traces at 25 ppm ... OK
Detecting chromatographic peaks in 4748 regions of interest ... OK: 302 found.
Detecting mass traces at 25 ppm ... OK
Detecting chromatographic peaks in 3978 regions of interest ... OK: 274 found.
Detecting mass traces at 25 ppm ... OK
Detecting chromatographic peaks in 4555 regions of interest ... OK: 229 found.
Detecting mass traces at 25 ppm ... OK
Detecting chromatographic peaks in 4464 regions of interest ... OK: 337 found.
Detecting mass traces at 25 ppm ... OK
Detecting chromatographic peaks in 4965 regions of interest ... OK: 342 found.
Detecting mass traces at 25 ppm ... OK
Detecting chromatographic peaks in 4415 regions of interest ... OK: 259 found.
Detecting mass traces at 25 ppm ... OK
Detecting chromatographic peaks in 5521 regions of interest ... OK: 362 found.
Detecting mass traces at 25 ppm ... OK
Detecting chromatographic peaks in 4477 regions of interest ... OK: 352 found.
Detecting mass traces at 25 ppm ... OK
Detecting chromatographic peaks in 5179 regions of interest ... OK: 374 found.
Detecting mass traces at 25 ppm ... OK
Detecting chromatographic peaks in 5793 regions of interest ... OK: 489 found.
