<script type="text/javascript">
document.addEventListener("DOMContentLoaded", function() {
  document.querySelector("h1").className = "title";
});
</script>
<script type="text/javascript">
document.addEventListener("DOMContentLoaded", function() {
  var links = document.links;  
  for (var i = 0, linksLength = links.length; i < linksLength; i++)
    if (links[i].hostname != window.location.hostname)
      links[i].target = '_blank';
});
</script>
<style type="text/css" scoped>
body {
  margin: 0px auto;
  max-width: 1134px;
  font-family: sans-serif;
  font-size: 10pt;
}

/* Table of contents style */

div#TOC ul {
  padding: 0px 0px 0px 45px;
  list-style: none;
  background-image: none;
  background-repeat: none;
  background-position: 0;
  font-size: 10pt;
  font-family: Helvetica, Arial, sans-serif;
}

div#TOC > ul {
  padding: 0px 150px 0px 65px;
  font-size: 12pt;
}

div#TOC > ul > li {
  padding: 5px 0px 0px 0px;
}

div#TOC ul ul {
  font-size: 11pt;
}

div#TOC.tocify ul {
  padding: 0px;
  font-size: inherit;
  font-family: inherit;
}

div#TOC.tocify li {
  padding: 5px;
  font-size: inherit;
  font-family: inherit;
}

p, dl {
  padding: 0px 150px 0px 65px;
  text-align: justify;
}

/* vertical content spacing */
p, img, table {
  margin-top: 10px;
  margin-bottom: 10px;
}

/* lists */
ol, ul {
  padding: 0px 150px 0px 100px;
  list-style: square;
}

li ol, li ul {
  padding: 0px 0px 0px 35px;
}

li p {
  padding: 0;
}

pre {
  margin: 0em 150px 0.5em 0em;
  padding: 0px 0px 0px 65px;
  border: 0px none;
  background-color: #f0f0f0;
  white-space: pre;
  overflow-x: auto;
  font-size: 90%;
}

li pre {
  margin: 0em 0px 0.5em -65px;
  padding: 0px 0px 0px 65px;
}
pre code {
  background-color: inherit;
  display: block;
  padding: 10px 10px 10px 0px;
  overflow-x: inherit;
  font-size: 100%;
}

/* markdown v1 */
pre code[class] {
  background-color: inherit;
}

/* markdown v2 */
pre[class] code {
  background-color: inherit;
}

tt, code, pre {
   font-family: 'DejaVu Sans Mono', 'Droid Sans Mono', 'Lucida Console', Consolas, Monaco, monospace;
}

h1, h2, h3, h4, h5, h6 { 
  font-family: Helvetica, Arial, sans-serif;
  margin: 1.2em 150px 0.6em 0em;
/* hanging headings */
  padding-left: 65px;
  text-indent: -65px;
}

h1.title {
  color: #87b13f;
  line-height: 1.1em;
  margin-top: 25px;
  border-bottom: 0px;
}

h1 {
  line-height: 1.4em;
  border-bottom: 1px #1a81c2 solid;
}

h1, h2, h3 {
  color: #1a81c2;
}

h1 {
  font-size: 18.0pt;
}

h2 {
  font-size: 14.5pt;
}

h3, h4 {
  font-size: 12pt;
}

span.header-section-number {
  float: left;
  width: 65px;
}

/* document header */

p.author-name {
  font-size: 14.5pt;
  font-weight: bold;
  font-style: italic;
  text-align: left;
}

.date {
  text-indent: 0px;
  font-weight: bold;
}

.abstract, .package {
  font-weight: bold;
}

/* formatting of inline code */
code { 
  background-color: #f0f0f0;
  color: #404040;
  font-size: 90%;
}

/* figures */

.figure { 
  margin: 0em 0px 0.5em;
}

img {
  max-width: 100%;
  display: block;
  padding: 0px 150px 0px 130px;
}

p > img {
  padding-left: 65px;
  padding-right: 0px;
}

img.smallfigure {
  padding-left: 195px;
  padding-right: 280px;
}

p > img.smallfigure {
  padding-left: 130px;
  padding-right: 130px;
}

img.widefigure {
  padding-left: 65px;
  padding-right: 85px;
  margin-right: -65px;
}

p > img.widefigure {
  padding-left: 0px;
  padding-right: 0px;
  margin-right: -65px;
}

p.caption, caption {
  color: inherit;
  font-size: 8pt;
}

p.caption {
  padding-left: 130px;
  padding-right: 85px;
  margin-bottom: 20px;
}

caption {
  padding: 0px;
  margin-bottom: 10px;
  min-width: 583;
}
span.caption-title {
  color: #1a81c2;
  font-weight: bold;
}

span.caption-label {
  font-weight: bold;
}

/* tables */

table {
  margin-left: 130px;
  margin-right: 85px;
}

.table {
  max-width: 518px;
}

/* definition lists */

dd {
  margin-left: 65px;
  margin-bottom: 10px;
}

/* code folding buttons */

.code-folding-btn {
  position: relative;
  margin-top: -26px;
  top: 26px;
}

.col-md-12 {
  min-height: 0px;
}

/* footnotes as sidenotes */

.sidenote {
  float: right;
  clear: right;
  margin-right: -150px;
  width: 130px;
  margin-top: 0;
  margin-bottom: 1rem;
  font-size: 8pt;
  line-height: 1.3;
  vertical-align: baseline;
  position: relative;
  text-align: left;
}

.sidenote-number, .affil-mark {
  position: relative;
  vertical-align: super;
  font-size: 7.5pt;
  font-weight: normal;
  font-style: normal;
  line-height: normal;
}

input.margin-toggle { display: none; }

label.sidenote-number { display: inline; }

label.margin-toggle:not(.sidenote-number) { display: none; }

/* Class described in https://benjeffrey.com/posts/pandoc-syntax-highlighting-css
   Colours from https://gist.github.com/robsimmons/1172277 */

code > span.kw { color: #E07020; } /* Function calls */
code > span.dt { color: #404040; } /* Function args */
code > span.dv { color: #D02070; } /* DecVal (decimal values) */
code > span.bn { color: #d14; } /* BaseN */
code > span.fl { color: #D02070; } /* Float */
code > span.ch { color: #40A040; } /* Char */
code > span.st { color: #40A040; } /* String */
code > span.co { color: #808080; font-style: italic; } /* Comment */
code > span.ot { color: #2020F0; } /* Keywords */
code > span.al { color: #ff0000; font-weight: bold; } /* AlertToken */
code > span.fu { color: #E07020; } /* Function calls */ 
code > span.er { color: #FF0000; } /* ErrorTok */

code > span.identifier { color: #404040; }
code > span.number { color: #D02070; }
code > span.string { color: #40A040; }
code > span.comment { color: #808080; font-style: italic; }
code > span.keyword { color: #2020F0; }
code > span.literal { color: #2020F0; }
code > span.operator { color: #000000;}
code > span.paren { color: #000000;}

/* proper positioning of ggplotly graphics, see https://support.bioconductor.org/p/97609/ */

.js-plotly-plot .plotly {
  padding-left: 65px;
}
</style>
F01.S1 F02.S1 F03.S1 F04.S1 F05.S1 F06.S1 F07.S1 F08.S1 F09.S1 F10.S1 
     1      1      1      1      1      1      1      1      1      1 
           mz    mzmin    mzmax rt rtmin rtmax    into     maxo       sn intf
CP01 403.2367 403.2279 403.2447 -1    -1    -1 4735258 372259.4 22.97534   NA
CP02 409.1845 409.1747 409.1936 -1    -1    -1 4158404 310572.1 20.61382   NA
CP03 413.2677 413.2585 413.2769 -1    -1    -1 6099006 435462.6 27.21723   NA
CP04 423.2363 423.2266 423.2459 -1    -1    -1 2708391 174252.7 14.74527   NA
CP05 427.2681 427.2574 427.2779 -1    -1    -1 6302089 461385.6 32.50050   NA
CP06 437.2375 437.2254 437.2488 -1    -1    -1 7523070 517917.6 34.37645   NA
          maxf sample is_filled
CP01  814693.1      1         0
CP02  732119.9      1         0
CP03 1018994.8      1         0
CP04  435858.5      1         0
CP05 1125644.3      1         0
CP06 1282906.5      1         0
1.14  6.82  17.05  21.59  27.27  31.82  37.50  38.64  42.05  47.73  53.41  54.55  61.36  62.50  67.05  69.32  73.86  79.55  82.95  88.64  92.05  95.45  98.86  100.00  
MSn experiment data ("XCMSnExp")
Object size in memory: 0.05 Mb
- - - Spectra data - - -
 MS level(s): 1 
 Number of spectra: 10 
 MSn retention times: 0:1 - 0:1 minutes
- - - Processing information - - -
Data loaded [Sat Mar  2 22:29:38 2019] 
 MSnbase version: 2.8.3 
- - - Meta data  - - -
phenoData
  rowNames: 1 2 ... 10 (10 total)
  varLabels: filename sample_group
  varMetadata: labelDescription
Loaded from:
  [1] HAM004_641fE_14-11-07--Exp1.extracted.mzdata...  [10] HAM005_641fE_14-11-07--Exp5.extracted.mzdata
  Use 'fileNames(.)' to see all files.
protocolData: none
featureData
  featureNames: F01.S1 F02.S1 ... F10.S1 (10 total)
  fvarLabels: fileIdx spIdx ... spectrum (30 total)
  fvarMetadata: labelDescription
experimentData: use 'experimentData(object)'
- - - xcms preprocessing - - -
Chromatographic peak detection:
 method: MSW 
 88 peaks identified in 10 samples.
 On average 8.8 chromatographic peaks per sample.
Correspondence:
 method: mzClust 
 18 features identified.
 Median mz range of features: 0.00088501
 Median rt range of features: 0
DataFrame with 18 rows and 10 columns
                mzmed            mzmin            mzmax     rtmed     rtmin
            <numeric>        <numeric>        <numeric> <numeric> <numeric>
FT01 402.285382080078 402.285064697266 402.285858154297        -1        -1
FT02 403.236521402995 403.235687255859 403.236694335938        -1        -1
FT03 405.108932495117 405.108734130859 405.109527587891        -1        -1
FT04 409.184381103516 409.183746337891 409.184539794922        -1        -1
FT05 410.144424438477 410.144012451172 410.144836425781        -1        -1
...               ...              ...              ...       ...       ...
FT14 438.240702311198 438.240386962891 438.241333007812        -1        -1
FT15 439.150836181641 439.150268554688 439.151214599609        -1        -1
FT16 441.129954020182 441.129638671875 441.130584716797        -1        -1
FT17 444.129648844401 444.128997802734 444.129974365234        -1        -1
FT18  445.29288482666 445.292175292969 445.293121337891        -1        -1
         rtmax    npeaks      ham4      ham5
     <numeric> <numeric> <numeric> <numeric>
FT01        -1         5         0         5
FT02        -1         9         5         4
FT03        -1         4         0         4
FT04        -1         5         5         0
FT05        -1         4         0         4
...        ...       ...       ...       ...
FT14        -1         3         3         0
FT15        -1         5         0         5
FT16        -1         3         0         3
FT17        -1         3         0         3
FT18        -1         4         4         0
                                 peakidx
                                  <list>
FT01               c(37, 60, 80, 49, 70)
FT02 c(61, 38, 50, 71, 1, 9, 16, 23, 31)
FT03                   c(39, 51, 62, 81)
FT04                c(10, 2, 17, 24, 32)
FT05                   c(40, 72, 52, 63)
...                                  ...
FT14                        c(7, 14, 22)
FT15               c(67, 86, 47, 58, 78)
FT16                       c(59, 87, 48)
FT17                       c(68, 79, 88)
FT18                    c(15, 8, 30, 36)
     HAM004_641fE_14-11-07--Exp1.extracted.mzdata
FT01                                           NA
FT02                                      4735258
FT03                                           NA
FT04                                      4158404
FT05                                           NA
FT06                                      6099006
     HAM004_641fE_14-11-07--Exp2.extracted.mzdata
FT01                                           NA
FT02                                      6202418
FT03                                           NA
FT04                                      5004546
FT05                                           NA
FT06                                      4950642
     HAM004_641fE_14-11-07--Exp3.extracted.mzdata
FT01                                           NA
FT02                                      6117414
FT03                                           NA
FT04                                      4403588
FT05                                           NA
FT06                                      5517710
     HAM004_641fE_14-11-07--Exp4.extracted.mzdata
FT01                                           NA
FT02                                      5328574
FT03                                           NA
FT04                                      4336554
FT05                                           NA
FT06                                      5008542
     HAM004_641fE_14-11-07--Exp5.extracted.mzdata
FT01                                           NA
FT02                                      6429029
FT03                                           NA
FT04                                      4580893
FT05                                           NA
FT06                                      4856606
     HAM005_641fE_14-11-07--Exp1.extracted.mzdata
FT01                                      4095293
FT02                                      4811391
FT03                                      2982453
FT04                                           NA
FT05                                      2872023
FT06                                           NA
     HAM005_641fE_14-11-07--Exp2.extracted.mzdata
FT01                                      4804763
FT02                                      2581183
FT03                                      2268984
FT04                                           NA
FT05                                      2133219
FT06                                           NA
     HAM005_641fE_14-11-07--Exp3.extracted.mzdata
FT01                                      4657727
FT02                                      2727237
FT03                                      2971705
FT04                                           NA
FT05                                      2466626
FT06                                           NA
     HAM005_641fE_14-11-07--Exp4.extracted.mzdata
FT01                                      3755890
FT02                                      2496859
FT03                                           NA
FT04                                           NA
FT05                                      2980997
FT06                                           NA
     HAM005_641fE_14-11-07--Exp5.extracted.mzdata
FT01                                      5265972
FT02                                           NA
FT03                                      3009065
FT04                                           NA
FT05                                           NA
FT06                                           NA
     HAM004_641fE_14-11-07--Exp1.extracted.mzdata
FT01                                     751860.7
FT02                                    4735257.5
FT03                                     749756.9
FT04                                    4158404.5
FT05                                     707975.5
FT06                                    6099006.3
     HAM004_641fE_14-11-07--Exp2.extracted.mzdata
FT01                                    1202735.5
FT02                                    6202417.6
FT03                                     450339.0
FT04                                    5004546.3
FT05                                     481158.4
FT06                                    4950641.7
     HAM004_641fE_14-11-07--Exp3.extracted.mzdata
FT01                                     779492.4
FT02                                    6117414.1
FT03                                     588609.5
FT04                                    4403588.2
FT05                                    1149542.8
FT06                                    5517709.5
     HAM004_641fE_14-11-07--Exp4.extracted.mzdata
FT01                                     541406.3
FT02                                    5328574.1
FT03                                     877991.1
FT04                                    4336554.2
FT05                                     798341.5
FT06                                    5008541.7
     HAM004_641fE_14-11-07--Exp5.extracted.mzdata
FT01                                     543921.1
FT02                                    6429028.9
FT03                                    1363759.7
FT04                                    4580892.8
FT05                                    1107571.1
FT06                                    4856606.0
     HAM005_641fE_14-11-07--Exp1.extracted.mzdata
FT01                                      4095293
FT02                                      4811391
FT03                                      2982453
FT04                                      1174152
FT05                                      2872023
FT06                                      1708432
     HAM005_641fE_14-11-07--Exp2.extracted.mzdata
FT01                                      4804763
FT02                                      2581183
FT03                                      2268984
FT04                                      1183772
FT05                                      2133219
FT06                                      1037441
     HAM005_641fE_14-11-07--Exp3.extracted.mzdata
FT01                                    4657726.8
FT02                                    2727237.5
FT03                                    2971705.2
FT04                                     517915.7
FT05                                    2466625.6
FT06                                     867137.8
     HAM005_641fE_14-11-07--Exp4.extracted.mzdata
FT01                                    3755889.7
FT02                                    2496858.9
FT03                                    2291624.1
FT04                                    1321138.8
FT05                                    2980996.6
FT06                                     947289.2
     HAM005_641fE_14-11-07--Exp5.extracted.mzdata
FT01                                      5265972
FT02                                      2128723
FT03                                      3009065
FT04                                      1163582
FT05                                      2227016
FT06                                      1006506
